<?xml version="1.0" encoding="UTF-8"?>
<!-- Generated by org.testng.reporters.JUnitReportReporter -->
<testsuite hostname="DESKTOP-2EP69KG" failures="0" tests="1" name="tests.AlertTest" time="1.819" errors="0" timestamp="2023-10-15T03:16:07 PDT" skipped="0">
  <testcase classname="tests.AlertTest" name="doTC04" time="1.819"/>
</testsuite> <!-- tests.AlertTest -->
