<?xml version="1.0" encoding="UTF-8"?>
<!-- Generated by org.testng.reporters.JUnitReportReporter -->
<testsuite hostname="DESKTOP-2EP69KG" failures="0" tests="1" name="tests.AutoCompleteAndDatePickerTest" time="2.811" errors="0" timestamp="2023-10-25T06:56:24 PDT" skipped="0">
  <testcase classname="tests.AutoCompleteAndDatePickerTest" name="doTC01" time="2.811"/>
</testsuite> <!-- tests.AutoCompleteAndDatePickerTest -->
