<?xml version="1.0" encoding="UTF-8"?>
<!-- Generated by org.testng.reporters.JUnitReportReporter -->
<testsuite hostname="DESKTOP-2EP69KG" failures="0" tests="1" name="tests.WebTableTest" time="4.338" errors="0" timestamp="2023-10-10T07:28:41 PDT" skipped="0">
  <testcase classname="tests.WebTableTest" name="doTC01" time="4.338"/>
</testsuite> <!-- tests.WebTableTest -->
