<?xml version="1.0" encoding="UTF-8"?>
<!-- Generated by org.testng.reporters.JUnitReportReporter -->
<testsuite hostname="DESKTOP-2EP69KG" failures="0" tests="1" name="tests.SortableTest" time="0.763" errors="0" timestamp="2023-10-22T02:40:29 PDT" skipped="0">
  <testcase classname="tests.SortableTest" name="doTc01" time="0.763"/>
</testsuite> <!-- tests.SortableTest -->
