<?xml version="1.0" encoding="UTF-8"?>
<!-- Generated by org.testng.reporters.JUnitReportReporter -->
<testsuite hostname="DESKTOP-2EP69KG" failures="0" tests="1" name="tests.BookStoreApplicationTest" time="15.838" errors="0" timestamp="2023-11-04T21:33:33 PDT" skipped="0">
  <testcase classname="tests.BookStoreApplicationTest" name="SummitLogin" time="15.838"/>
</testsuite> <!-- tests.BookStoreApplicationTest -->
