<?xml version="1.0" encoding="UTF-8"?>
<!-- Generated by org.testng.reporters.JUnitReportReporter -->
<testsuite hostname="DESKTOP-2EP69KG" failures="0" tests="1" name="tests.TextBoxTest" time="5.327" errors="0" timestamp="2023-10-01T01:54:58 PDT" skipped="0">
  <testcase classname="tests.TextBoxTest" name="doTC02" time="5.327"/>
</testsuite> <!-- tests.TextBoxTest -->
