<?xml version="1.0" encoding="UTF-8"?>
<!-- Generated by org.testng.reporters.JUnitReportReporter -->
<testsuite hostname="DESKTOP-2EP69KG" failures="0" tests="1" name="tests.CheckBoxTest" time="3.807" errors="0" timestamp="2023-10-01T02:12:31 PDT" skipped="0">
  <testcase classname="tests.CheckBoxTest" name="doCheckBox" time="3.807"/>
</testsuite> <!-- tests.CheckBoxTest -->
