<?xml version="1.0" encoding="UTF-8"?>
<!-- Generated by org.testng.reporters.JUnitReportReporter -->
<testsuite hostname="DESKTOP-2EP69KG" failures="0" tests="1" name="tests.SliderTest" time="2.451" errors="0" timestamp="2023-10-20T20:03:39 PDT" skipped="0">
  <testcase classname="tests.SliderTest" name="doTC01" time="2.451"/>
</testsuite> <!-- tests.SliderTest -->
