<?xml version="1.0" encoding="UTF-8"?>
<!-- Generated by org.testng.reporters.JUnitReportReporter -->
<testsuite hostname="DESKTOP-2EP69KG" failures="0" tests="1" name="tests.AccordianTest" time="5.294" errors="0" timestamp="2023-10-18T09:02:23 PDT" skipped="0">
  <testcase classname="tests.AccordianTest" name="doTC01" time="5.294"/>
</testsuite> <!-- tests.AccordianTest -->
