<?xml version="1.0" encoding="UTF-8"?>
<!-- Generated by org.testng.reporters.JUnitReportReporter -->
<testsuite hostname="DESKTOP-2EP69KG" failures="0" tests="1" name="tests.ProgressTabsToolTipTest" time="7.491" errors="0" timestamp="2023-10-25T07:20:26 PDT" skipped="0">
  <testcase classname="tests.ProgressTabsToolTipTest" name="doTC03" time="7.491"/>
</testsuite> <!-- tests.ProgressTabsToolTipTest -->
