<?xml version="1.0" encoding="UTF-8"?>
<!-- Generated by org.testng.reporters.JUnitReportReporter -->
<testsuite hostname="DESKTOP-2EP69KG" failures="0" tests="1" name="tests.ModalDialogTest" time="3.324" errors="0" timestamp="2023-10-16T08:14:13 PDT" skipped="0">
  <testcase classname="tests.ModalDialogTest" name="doTC02" time="3.324"/>
</testsuite> <!-- tests.ModalDialogTest -->
