<?xml version="1.0" encoding="UTF-8"?>
<!-- Generated by org.testng.reporters.JUnitReportReporter -->
<testsuite hostname="DESKTOP-2EP69KG" failures="0" tests="1" name="tests.MenuTest" time="3.454" errors="0" timestamp="2023-10-21T21:29:07 PDT" skipped="0">
  <testcase classname="tests.MenuTest" name="doTC01" time="3.454"/>
</testsuite> <!-- tests.MenuTest -->
