<?xml version="1.0" encoding="UTF-8"?>
<!-- Generated by org.testng.reporters.JUnitReportReporter -->
<testsuite hostname="DESKTOP-2EP69KG" failures="0" tests="1" name="tests.FrameNestedTest" time="3.853" errors="0" timestamp="2023-10-15T07:09:51 PDT" skipped="0">
  <testcase classname="tests.FrameNestedTest" name="doTC1" time="3.853"/>
</testsuite> <!-- tests.FrameNestedTest -->
