<?xml version="1.0" encoding="UTF-8"?>
<!-- Generated by org.testng.reporters.JUnitReportReporter -->
<testsuite hostname="DESKTOP-2EP69KG" failures="0" tests="1" name="tests.AutoCompleteTest" time="3.610" errors="0" timestamp="2023-10-19T07:27:12 PDT" skipped="0">
  <testcase classname="tests.AutoCompleteTest" name="doTC01" time="3.610"/>
</testsuite> <!-- tests.AutoCompleteTest -->
