<?xml version="1.0" encoding="UTF-8"?>
<!-- Generated by org.testng.reporters.JUnitReportReporter -->
<testsuite hostname="DESKTOP-2EP69KG" failures="0" tests="2" name="tests.AlertTest" time="40.847" errors="0" timestamp="2023-11-03T07:44:10 PDT" skipped="0">
  <testcase classname="tests.AlertTest" name="doTC01" time="16.133"/>
  <testcase classname="tests.AlertTest" name="doTC02" time="24.714"/>
</testsuite> <!-- tests.AlertTest -->
