<?xml version="1.0" encoding="UTF-8"?>
<!-- Generated by org.testng.reporters.JUnitReportReporter -->
<testsuite hostname="DESKTOP-2EP69KG" failures="0" tests="1" name="tests.ProgressTest" time="2.608" errors="0" timestamp="2023-10-21T05:58:35 PDT" skipped="0">
  <testcase classname="tests.ProgressTest" name="doTC03" time="2.608"/>
</testsuite> <!-- tests.ProgressTest -->
