<?xml version="1.0" encoding="UTF-8"?>
<!-- Generated by org.testng.reporters.JUnitReportReporter -->
<testsuite hostname="DESKTOP-2EP69KG" failures="0" tests="1" name="tests.RadiobuttonTest" time="2.732" errors="0" timestamp="2023-10-14T01:34:28 PDT" skipped="0">
  <testcase classname="tests.RadiobuttonTest" name="doExe" time="2.732"/>
</testsuite> <!-- tests.RadiobuttonTest -->
