<?xml version="1.0" encoding="UTF-8"?>
<!-- Generated by org.testng.reporters.JUnitReportReporter -->
<testsuite hostname="DESKTOP-2EP69KG" failures="0" tests="1" name="tests.PracticeformTest" time="24.056" errors="0" timestamp="2023-10-08T05:42:58 PDT" skipped="0">
  <testcase classname="tests.PracticeformTest" name="doTC1" time="24.056"/>
</testsuite> <!-- tests.PracticeformTest -->
