<?xml version="1.0" encoding="UTF-8"?>
<!-- Generated by org.testng.reporters.JUnitReportReporter -->
<testsuite hostname="DESKTOP-2EP69KG" failures="0" tests="1" name="tests.InteractionsTest" time="4.661" errors="0" timestamp="2023-10-28T20:45:57 PDT" skipped="0">
  <testcase classname="tests.InteractionsTest" name="Resizeable" time="4.661"/>
</testsuite> <!-- tests.InteractionsTest -->
