<?xml version="1.0" encoding="UTF-8"?>
<!-- Generated by org.testng.reporters.JUnitReportReporter -->
<testsuite hostname="DESKTOP-2EP69KG" failures="0" tests="1" name="tests.FrameTest" time="2.304" errors="0" timestamp="2023-10-15T06:10:00 PDT" skipped="0">
  <testcase classname="tests.FrameTest" name="doTC1" time="2.304"/>
</testsuite> <!-- tests.FrameTest -->
