<?xml version="1.0" encoding="UTF-8"?>
<!-- Generated by org.testng.reporters.JUnitReportReporter -->
<testsuite hostname="DESKTOP-2EP69KG" failures="0" tests="1" name="tests.PracticeformTest" time="21.844" errors="0" timestamp="2023-11-02T09:02:33 PDT" skipped="0">
  <testcase classname="tests.PracticeformTest" name="submitDataSuccessFully" time="21.844"/>
</testsuite> <!-- tests.PracticeformTest -->
