<?xml version="1.0" encoding="UTF-8"?>
<!-- Generated by org.testng.reporters.JUnitReportReporter -->
<testsuite hostname="DESKTOP-2EP69KG" failures="0" tests="1" name="tests.LinkTest" time="6.192" errors="0" timestamp="2023-10-14T07:51:13 PDT" skipped="0">
  <testcase classname="tests.LinkTest" name="doTC1" time="6.192"/>
</testsuite> <!-- tests.LinkTest -->
