<?xml version="1.0" encoding="UTF-8"?>
<!-- Generated by org.testng.reporters.JUnitReportReporter -->
<testsuite hostname="DESKTOP-2EP69KG" failures="0" tests="1" name="tests.LoginTest" time="3.077" errors="0" timestamp="2023-10-24T07:33:10 PDT" skipped="0">
  <testcase classname="tests.LoginTest" name="SummitLogin" time="3.077"/>
</testsuite> <!-- tests.LoginTest -->
