<?xml version="1.0" encoding="UTF-8"?>
<!-- Generated by org.testng.reporters.JUnitReportReporter -->
<testsuite hostname="DESKTOP-2EP69KG" failures="0" tests="1" name="tests.ButtonTest" time="3.317" errors="0" timestamp="2023-10-11T07:15:48 PDT" skipped="0">
  <testcase classname="tests.ButtonTest" name="doTC1" time="3.317"/>
</testsuite> <!-- tests.ButtonTest -->
